"../../../../../../Users/Jessica/Documents/Unreal Projects/GGJ2019/Content/Geometry/Meshes/CubeMaterial.uasset" 0
"../../../../../../Users/Jessica/Documents/Unreal Projects/GGJ2019/Content/Geometry/Meshes/1M_Cube_Chamfer.uasset" 1
"../../../../../../Users/Jessica/Documents/Unreal Projects/GGJ2019/Content/Geometry/Meshes/TemplateFloor.uasset" 2
"../../../Engine/Content/Functions/Engine_MaterialFunctions02/SplitComponents.uasset" 3
"../../../Engine/Content/Functions/Engine_MaterialFunctions02/Utility/VectorLength.uasset" 4
"../../../../../../Users/Jessica/Documents/Unreal Projects/GGJ2019/Content/Materials/OutlineMaterial/Materials/MF_ConvolveTexture.uasset" 5
"../../../../../../Users/Jessica/Documents/Unreal Projects/GGJ2019/Content/Materials/OutlineMaterial/Materials/MF_ExtractDepth.uasset" 6
"../../../../../../Users/Jessica/Documents/Unreal Projects/GGJ2019/Content/Materials/OutlineMaterial/Materials/MF_SampleSceneTextureNeighbourUVs.uasset" 7
"../../../../../../Users/Jessica/Documents/Unreal Projects/GGJ2019/Content/Materials/OutlineMaterial/Materials/PP_Outliner_M.uasset" 8
"../../../../../../Users/Jessica/Documents/Unreal Projects/GGJ2019/Content/Materials/OutlineMaterial/Materials/PP_Outliner_Inst.uasset" 9
"../../../../../../Users/Jessica/Documents/Unreal Projects/GGJ2019/Content/Props/Toaster/toaster_Toaster_BaseColor.uasset" 10
"../../../../../../Users/Jessica/Documents/Unreal Projects/GGJ2019/Content/Props/Toaster/toaster_Toaster_Normal.uasset" 11
"../../../../../../Users/Jessica/Documents/Unreal Projects/GGJ2019/Content/Props/Toaster/toaster_Toaster_OcclusionRoughnessMetallic.uasset" 12
"../../../../../../Users/Jessica/Documents/Unreal Projects/GGJ2019/Content/UBERSHADER/UBERSHADER_BASE.uasset" 13
"../../../../../../Users/Jessica/Documents/Unreal Projects/GGJ2019/Content/Props/Forks/forks_low_Cutlery_BaseColor.uasset" 14
"../../../../../../Users/Jessica/Documents/Unreal Projects/GGJ2019/Content/Props/Forks/forks_low_Cutlery_Normal.uasset" 15
"../../../../../../Users/Jessica/Documents/Unreal Projects/GGJ2019/Content/Props/Forks/forks_low_Cutlery_OcclusionRoughnessMetallic.uasset" 16
"../../../../../../Users/Jessica/Documents/Unreal Projects/GGJ2019/Content/Props/Forks/Forkmat.uasset" 17
"../../../../../../Users/Jessica/Documents/Unreal Projects/GGJ2019/Content/Props/Forks/forks_low_3Fork_low.uasset" 18
"../../../../../../Users/Jessica/Documents/Unreal Projects/GGJ2019/Content/Props/Forks/forks_low_4Fork_low.uasset" 19
"../../../../../../Users/Jessica/Documents/Unreal Projects/GGJ2019/Content/Props/Forks/forks_low_Spoon_low.uasset" 20
"../../../../../../Users/Jessica/Documents/Unreal Projects/GGJ2019/Content/Props/Oven/TEX_Oven_BASECOLOR.uasset" 21
"../../../../../../Users/Jessica/Documents/Unreal Projects/GGJ2019/Content/Props/Oven/TEX_Oven_NRM.uasset" 22
"../../../../../../Users/Jessica/Documents/Unreal Projects/GGJ2019/Content/Props/Oven/TEX_Oven_ORM.uasset" 23
"../../../../../../Users/Jessica/Documents/Unreal Projects/GGJ2019/Content/Props/Oven/Matinst_Oven.uasset" 24
"../../../../../../Users/Jessica/Documents/Unreal Projects/GGJ2019/Content/Props/Oven/oven_low_buttons_low.uasset" 25
"../../../../../../Users/Jessica/Documents/Unreal Projects/GGJ2019/Content/Props/Oven/oven_low_door_low.uasset" 26
"../../../Engine/Content/EditorBlueprintResources/StandardMacros.uasset" 27
"../../../../../../Users/Jessica/Documents/Unreal Projects/GGJ2019/Content/Props/Toaster/matinst_toaster.uasset" 28
"../../../../../../Users/Jessica/Documents/Unreal Projects/GGJ2019/Content/Props/Toaster/toaster_body_low.uasset" 29
"../../../../../../Users/Jessica/Documents/Unreal Projects/GGJ2019/Content/Props/Toaster/toaster_elevator_low.uasset" 30
"../../../../../../Users/Jessica/Documents/Unreal Projects/GGJ2019/Content/Props/Toaster/toaster_elevbutton_low.uasset" 31
"../../../../../../Users/Jessica/Documents/Unreal Projects/GGJ2019/Content/Props/Toaster/toaster_light_low.uasset" 32
"../../../../../../Users/Jessica/Documents/Unreal Projects/GGJ2019/Content/Props/Toaster/toaster_lock_low.uasset" 33
"../../../Engine/Content/Functions/Engine_MaterialFunctions01/Opacity/CameraDepthFade.uasset" 34
"../../../Engine/Content/EngineMaterials/T_Default_Material_Grid_M.uasset" 35
"../../../Engine/Content/EngineMaterials/T_Default_Material_Grid_N.uasset" 36
"../../../Engine/Content/EngineMaterials/WorldGridMaterial.uasset" 37
"../../../../../../Users/Jessica/Documents/Unreal Projects/GGJ2019/Content/Props/Toaster/toaster_tbutton_low.uasset" 38
"../../../../../../Users/Jessica/Documents/Unreal Projects/GGJ2019/Content/Props/Toaster/Toaster.uasset" 39
"../../../../../../Users/Jessica/Documents/Unreal Projects/GGJ2019/Content/Sounds/bathroom-faucet-1.uasset" 40
"../../../../../../Users/Jessica/Documents/Unreal Projects/GGJ2019/Content/Sounds/beep-7.uasset" 41
"../../../../../../Users/Jessica/Documents/Unreal Projects/GGJ2019/Content/Sounds/button-10.uasset" 42
"../../../../../../Users/Jessica/Documents/Unreal Projects/GGJ2019/Content/Sounds/button-3.uasset" 43
"../../../../../../Users/Jessica/Documents/Unreal Projects/GGJ2019/Content/Sounds/button-31.uasset" 44
"../../../../../../Users/Jessica/Documents/Unreal Projects/GGJ2019/Content/Sounds/button-32.uasset" 45
"../../../../../../Users/Jessica/Documents/Unreal Projects/GGJ2019/Content/Sounds/button-4.uasset" 46
"../../../../../../Users/Jessica/Documents/Unreal Projects/GGJ2019/Content/Sounds/button-9.uasset" 47
"../../../../../../Users/Jessica/Documents/Unreal Projects/GGJ2019/Content/Sounds/footsteps-1.uasset" 48
"../../../../../../Users/Jessica/Documents/Unreal Projects/GGJ2019/Content/Sounds/rain-04.uasset" 49
"../../../../../../Users/Jessica/Documents/Unreal Projects/GGJ2019/Content/Sounds/switch-1.uasset" 50
"../../../../../../Users/Jessica/Documents/Unreal Projects/GGJ2019/Content/Sounds/toilet-flush-2.uasset" 51
"../../../../../../Users/Jessica/Documents/Unreal Projects/GGJ2019/Content/StarterContent/Materials/M_Basic_Wall.uasset" 52
"../../../../../../Users/Jessica/Documents/Unreal Projects/GGJ2019/Content/StarterContent/Architecture/Pillar_50x500.uasset" 53
"../../../../../../Users/Jessica/Documents/Unreal Projects/GGJ2019/Content/StarterContent/Architecture/Wall_400x300.uasset" 54
"../../../../../../Users/Jessica/Documents/Unreal Projects/GGJ2019/Content/StarterContent/Architecture/Wall_400x400.uasset" 55
"../../../../../../Users/Jessica/Documents/Unreal Projects/GGJ2019/Content/StarterContent/Architecture/Wall_500x500.uasset" 56
"../../../../../../Users/Jessica/Documents/Unreal Projects/GGJ2019/Content/StarterContent/Architecture/Wall_Door_400x400.uasset" 57
"../../../../../../Users/Jessica/Documents/Unreal Projects/GGJ2019/Content/StarterContent/Architecture/Wall_Window_400x400.uasset" 58
"../../../../../../Users/Jessica/Documents/Unreal Projects/GGJ2019/Content/StarterContent/Audio/Collapse01.uasset" 59
"../../../../../../Users/Jessica/Documents/Unreal Projects/GGJ2019/Content/StarterContent/Audio/Collapse02.uasset" 60
"../../../../../../Users/Jessica/Documents/Unreal Projects/GGJ2019/Content/StarterContent/Audio/Explosion01.uasset" 61
"../../../../../../Users/Jessica/Documents/Unreal Projects/GGJ2019/Content/StarterContent/Audio/Fire_Sparks01.uasset" 62
"../../../../../../Users/Jessica/Documents/Unreal Projects/GGJ2019/Content/StarterContent/Audio/Light01.uasset" 63
"../../../../../../Users/Jessica/Documents/Unreal Projects/GGJ2019/Content/StarterContent/Audio/Light01_Cue.uasset" 64
"../../../../../../Users/Jessica/Documents/Unreal Projects/GGJ2019/Content/StarterContent/Audio/Light02.uasset" 65
"../../../../../../Users/Jessica/Documents/Unreal Projects/GGJ2019/Content/StarterContent/Audio/Light02_Cue.uasset" 66
"../../../../../../Users/Jessica/Documents/Unreal Projects/GGJ2019/Content/StarterContent/Audio/Smoke01.uasset" 67
"../../../../../../Users/Jessica/Documents/Unreal Projects/GGJ2019/Content/StarterContent/Audio/Starter_Birds01.uasset" 68
"../../../../../../Users/Jessica/Documents/Unreal Projects/GGJ2019/Content/StarterContent/Audio/Starter_Music01.uasset" 69
"../../../../../../Users/Jessica/Documents/Unreal Projects/GGJ2019/Content/StarterContent/Audio/Starter_Wind05.uasset" 70
"../../../../../../Users/Jessica/Documents/Unreal Projects/GGJ2019/Content/StarterContent/Audio/Starter_Wind06.uasset" 71
"../../../../../../Users/Jessica/Documents/Unreal Projects/GGJ2019/Content/StarterContent/Audio/Steam01.uasset" 72
"../../../../../../Users/Jessica/Documents/Unreal Projects/GGJ2019/Content/StarterContent/Audio/Explosion_Cue.uasset" 73
"../../../../../../Users/Jessica/Documents/Unreal Projects/GGJ2019/Content/StarterContent/Textures/T_Burst_M.uasset" 74
"../../../../../../Users/Jessica/Documents/Unreal Projects/GGJ2019/Content/StarterContent/Particles/Materials/M_Burst.uasset" 75
"../../../../../../Users/Jessica/Documents/Unreal Projects/GGJ2019/Content/StarterContent/Textures/T_Explosion_SubUV.uasset" 76
"../../../../../../Users/Jessica/Documents/Unreal Projects/GGJ2019/Content/StarterContent/Particles/Materials/M_explosion_subUV.uasset" 77
"../../../../../../Users/Jessica/Documents/Unreal Projects/GGJ2019/Content/StarterContent/Particles/Materials/m_flare_01.uasset" 78
"../../../Engine/Content/Functions/Engine_MaterialFunctions01/Gradient/RadialGradient.uasset" 79
"../../../../../../Users/Jessica/Documents/Unreal Projects/GGJ2019/Content/StarterContent/Particles/Materials/M_radial_ramp.uasset" 80
"../../../../../../Users/Jessica/Documents/Unreal Projects/GGJ2019/Content/StarterContent/Textures/T_Smoke_SubUV.uasset" 81
"../../../../../../Users/Jessica/Documents/Unreal Projects/GGJ2019/Content/StarterContent/Textures/T_Smoke_Tiled_D.uasset" 82
"../../../../../../Users/Jessica/Documents/Unreal Projects/GGJ2019/Content/StarterContent/Particles/Materials/M_smoke_subUV.uasset" 83
"../../../../../../Users/Jessica/Documents/Unreal Projects/GGJ2019/Content/StarterContent/Particles/P_Explosion.uasset" 84
"../../../../../../Users/Jessica/Documents/Unreal Projects/GGJ2019/Content/StarterContent/Blueprints/Blueprint_Effect_Explosion.uasset" 85
"../../../Engine/Content/EditorMeshes/ColorCalibrator/T_ColorGrid.uasset" 86
"../../../../../../Users/Jessica/Documents/Unreal Projects/GGJ2019/Content/StarterContent/Materials/M_ColorGrid_LowSpec.uasset" 87
"../../../../../../Users/Jessica/Documents/Unreal Projects/GGJ2019/Content/StarterContent/Textures/T_Bush_D.uasset" 88
"../../../../../../Users/Jessica/Documents/Unreal Projects/GGJ2019/Content/StarterContent/Textures/T_Bush_N.uasset" 89
"../../../../../../Users/Jessica/Documents/Unreal Projects/GGJ2019/Content/StarterContent/Props/Materials/M_Bush.uasset" 90
"../../../../../../Users/Jessica/Documents/Unreal Projects/GGJ2019/Content/StarterContent/Props/SM_Bush.uasset" 91
"../../../../../../Users/Jessica/Documents/Unreal Projects/GGJ2019/Content/StarterContent/Textures/T_Chair_M.uasset" 92
"../../../../../../Users/Jessica/Documents/Unreal Projects/GGJ2019/Content/StarterContent/Textures/T_Chair_N.uasset" 93
"../../../../../../Users/Jessica/Documents/Unreal Projects/GGJ2019/Content/StarterContent/Props/Materials/M_Chair.uasset" 94
"../../../../../../Users/Jessica/Documents/Unreal Projects/GGJ2019/Content/StarterContent/Props/SM_Couch.uasset" 95
"../../../../../../Users/Jessica/Documents/Unreal Projects/GGJ2019/Content/StarterContent/Materials/M_Glass.uasset" 96
"../../../../../../Users/Jessica/Documents/Unreal Projects/GGJ2019/Content/StarterContent/Textures/T_Door_M.uasset" 97
"../../../../../../Users/Jessica/Documents/Unreal Projects/GGJ2019/Content/StarterContent/Textures/T_Door_N.uasset" 98
"../../../../../../Users/Jessica/Documents/Unreal Projects/GGJ2019/Content/StarterContent/Props/Materials/M_Door.uasset" 99
"../../../../../../Users/Jessica/Documents/Unreal Projects/GGJ2019/Content/StarterContent/Props/SM_Door.uasset" 100
"../../../../../../Users/Jessica/Documents/Unreal Projects/GGJ2019/Content/StarterContent/Props/Materials/M_MaterialSphere.uasset" 101
"../../../../../../Users/Jessica/Documents/Unreal Projects/GGJ2019/Content/StarterContent/Props/Materials/M_MaterialSphere_Plain.uasset" 102
"../../../../../../Users/Jessica/Documents/Unreal Projects/GGJ2019/Content/StarterContent/Props/SM_MatPreviewMesh_02.uasset" 103
"../../../Engine/Content/Functions/Engine_MaterialFunctions02/Utility/BlendAngleCorrectedNormals.uasset" 104
"../../../../../../Users/Jessica/Documents/Unreal Projects/GGJ2019/Content/StarterContent/Textures/T_Detail_Rocky_N.uasset" 105
"../../../../../../Users/Jessica/Documents/Unreal Projects/GGJ2019/Content/StarterContent/Textures/T_Rock_Basalt_D.uasset" 106
"../../../../../../Users/Jessica/Documents/Unreal Projects/GGJ2019/Content/StarterContent/Textures/T_RockMesh_M.uasset" 107
"../../../../../../Users/Jessica/Documents/Unreal Projects/GGJ2019/Content/StarterContent/Textures/T_RockMesh_N.uasset" 108
"../../../../../../Users/Jessica/Documents/Unreal Projects/GGJ2019/Content/StarterContent/Props/Materials/M_Rock.uasset" 109
"../../../../../../Users/Jessica/Documents/Unreal Projects/GGJ2019/Content/StarterContent/Props/SM_Rock.uasset" 110
"../../../../../../Users/Jessica/Documents/Unreal Projects/GGJ2019/Content/StarterContent/Textures/T_Shelf_M.uasset" 111
"../../../../../../Users/Jessica/Documents/Unreal Projects/GGJ2019/Content/StarterContent/Textures/T_Shelf_N.uasset" 112
"../../../../../../Users/Jessica/Documents/Unreal Projects/GGJ2019/Content/StarterContent/Props/Materials/M_Shelf.uasset" 113
"../../../../../../Users/Jessica/Documents/Unreal Projects/GGJ2019/Content/StarterContent/Props/SM_Shelf.uasset" 114
"../../../../../../Users/Jessica/Documents/Unreal Projects/GGJ2019/Content/StarterContent/Materials/M_Basic_Floor.uasset" 115
"../../../../../../Users/Jessica/Documents/Unreal Projects/GGJ2019/Content/StarterContent/Props/SM_Stairs.uasset" 116
"../../../../../../Users/Jessica/Documents/Unreal Projects/GGJ2019/Content/StarterContent/Shapes/Shape_Cone.uasset" 117
"../../../../../../Users/Jessica/Documents/Unreal Projects/GGJ2019/Content/StarterContent/Shapes/Shape_Cylinder.uasset" 118
"../../../../../../Users/Jessica/Documents/Unreal Projects/GGJ2019/Content/StarterContent/Shapes/Shape_NarrowCapsule.uasset" 119
"../../../../../../Users/Jessica/Documents/Unreal Projects/GGJ2019/Content/StarterContent/Shapes/Shape_Pipe.uasset" 120
"../../../../../../Users/Jessica/Documents/Unreal Projects/GGJ2019/Content/StarterContent/Shapes/Shape_Pipe_180.uasset" 121
"../../../../../../Users/Jessica/Documents/Unreal Projects/GGJ2019/Content/StarterContent/Shapes/Shape_Pipe_90.uasset" 122
"../../../../../../Users/Jessica/Documents/Unreal Projects/GGJ2019/Content/StarterContent/Shapes/Shape_Plane.uasset" 123
"../../../../../../Users/Jessica/Documents/Unreal Projects/GGJ2019/Content/StarterContent/Shapes/Shape_Torus.uasset" 124
"../../../../../../Users/Jessica/Documents/Unreal Projects/GGJ2019/Content/StarterContent/Shapes/Shape_Trim.uasset" 125
"../../../../../../Users/Jessica/Documents/Unreal Projects/GGJ2019/Content/StarterContent/Shapes/Shape_Trim_90_In.uasset" 126
"../../../../../../Users/Jessica/Documents/Unreal Projects/GGJ2019/Content/StarterContent/Shapes/Shape_Trim_90_Out.uasset" 127
"../../../../../../Users/Jessica/Documents/Unreal Projects/GGJ2019/Content/StarterContent/Shapes/Shape_TriPyramid.uasset" 128
"../../../../../../Users/Jessica/Documents/Unreal Projects/GGJ2019/Content/StarterContent/Shapes/Shape_Tube.uasset" 129
"../../../../../../Users/Jessica/Documents/Unreal Projects/GGJ2019/Content/StarterContent/Shapes/Shape_Wedge_A.uasset" 130
"../../../../../../Users/Jessica/Documents/Unreal Projects/GGJ2019/Content/StarterContent/Shapes/Shape_Wedge_B.uasset" 131
"../../../../../../Users/Jessica/Documents/Unreal Projects/GGJ2019/Content/StarterContent/Shapes/Shape_WideCapsule.uasset" 132
"../../../../../../Users/Jessica/Documents/Unreal Projects/GGJ2019/Content/VirtualReality/Materials/M_BaseMaterial.uasset" 133
"../../../../../../Users/Jessica/Documents/Unreal Projects/GGJ2019/Content/VirtualReality/Materials/MI_SmallCubes.uasset" 134
"../../../../../../Users/Jessica/Documents/Unreal Projects/GGJ2019/Content/VirtualReality/Mannequin/Character/Mesh/MannequinHand_Right_Skeleton.uasset" 135
"../../../../../../Users/Jessica/Documents/Unreal Projects/GGJ2019/Content/VirtualReality/Mannequin/Animations/MannequinHand_Right_CanGrab.uasset" 136
"../../../../../../Users/Jessica/Documents/Unreal Projects/GGJ2019/Content/VirtualReality/Mannequin/Animations/MannequinHand_Right_Grab.uasset" 137
"../../../../../../Users/Jessica/Documents/Unreal Projects/GGJ2019/Content/VirtualReality/Mannequin/Animations/MannequinHand_Right_Open.uasset" 138
"../../../../../../Users/Jessica/Documents/Unreal Projects/GGJ2019/Content/VirtualReality/Mannequin/Animations/RightGrip_BS.uasset" 139
"../../../../../../Users/Jessica/Documents/Unreal Projects/GGJ2019/Content/VirtualRealityBP/Blueprints/GripEnum.uasset" 140
"../../../../../../Users/Jessica/Documents/Unreal Projects/GGJ2019/Content/VirtualReality/Mannequin/Animations/RightHand_AnimBP.uasset" 141
"../../../../../../Users/Jessica/Documents/Unreal Projects/GGJ2019/Content/VirtualRealityBP/Blueprints/PickupActorInterface.uasset" 142
"../../../../../../Users/Jessica/Documents/Unreal Projects/GGJ2019/Content/VirtualRealityBP/Blueprints/MotionControllerHaptics.uasset" 143
"../../../Engine/Content/Functions/Engine_MaterialFunctions02/Utility/BreakOutFloat2Components.uasset" 144
"../../../Engine/Content/Functions/Engine_MaterialFunctions01/Texturing/ScaleUVsByCenter.uasset" 145
"../../../Engine/Content/Functions/Engine_MaterialFunctions02/ScreenResolution.uasset" 146
"../../../Engine/Content/Functions/Engine_MaterialFunctions02/Texturing/ScreenAlignedUVs.uasset" 147
"../../../Engine/Content/Functions/Engine_MaterialFunctions02/Utility/CameraDirectionVector.uasset" 148
"../../../Engine/Content/Functions/Engine_MaterialFunctions02/Utility/DepthFromWorldPosition.uasset" 149
"../../../../../../Users/Jessica/Documents/Unreal Projects/GGJ2019/Content/VirtualReality/Materials/MF_OccludedPixels.uasset" 150
"../../../../../../Users/Jessica/Documents/Unreal Projects/GGJ2019/Content/VirtualReality/Materials/TeleportMCP.uasset" 151
"../../../Engine/Content/EngineMaterials/Good64x64TilingNoiseHighFreq.uasset" 152
"../../../../../../Users/Jessica/Documents/Unreal Projects/GGJ2019/Content/VirtualReality/Materials/M_ArcEndpoint.uasset" 153
"../../../../../../Users/Jessica/Documents/Unreal Projects/GGJ2019/Content/VirtualReality/Materials/M_SplineArcMat.uasset" 154
"../../../../../../Users/Jessica/Documents/Unreal Projects/GGJ2019/Content/VirtualReality/Materials/M_TeleportPreviews.uasset" 155
"../../../../../../Users/Jessica/Documents/Unreal Projects/GGJ2019/Content/VirtualReality/Materials/MI_ChaperoneOutline.uasset" 156
"../../../../../../Users/Jessica/Documents/Unreal Projects/GGJ2019/Content/VirtualReality/Materials/MI_TeleportCylinderPreview.uasset" 157
"../../../Engine/Content/EngineMaterials/DefaultMaterial.uasset" 158
"../../../Engine/Content/BasicShapes/Cylinder.uasset" 159
"../../../Engine/Content/BasicShapes/Sphere.uasset" 160
"../../../../../../Users/Jessica/Documents/Unreal Projects/GGJ2019/Content/VirtualReality/Mannequin/Character/Textures/UE4_Mannequin__normals.uasset" 161
"../../../../../../Users/Jessica/Documents/Unreal Projects/GGJ2019/Content/VirtualReality/Mannequin/Character/Textures/UE4_Mannequin_MAT_MASKA.uasset" 162
"../../../../../../Users/Jessica/Documents/Unreal Projects/GGJ2019/Content/VirtualReality/Mannequin/Character/Materials/M_HandMat.uasset" 163
"../../../../../../Users/Jessica/Documents/Unreal Projects/GGJ2019/Content/VirtualReality/Mannequin/Character/Mesh/MannequinHand_Right_PhysicsAsset.uasset" 164
"../../../../../../Users/Jessica/Documents/Unreal Projects/GGJ2019/Content/VirtualReality/Mannequin/Character/Mesh/MannequinHand_Right.uasset" 165
"../../../../../../Users/Jessica/Documents/Unreal Projects/GGJ2019/Content/VirtualReality/Meshes/1x1_cube.uasset" 166
"../../../../../../Users/Jessica/Documents/Unreal Projects/GGJ2019/Content/VirtualReality/Meshes/BeaconDirection.uasset" 167
"../../../../../../Users/Jessica/Documents/Unreal Projects/GGJ2019/Content/VirtualReality/Meshes/BeamMesh.uasset" 168
"../../../../../../Users/Jessica/Documents/Unreal Projects/GGJ2019/Content/VirtualReality/Meshes/SM_FatCylinder.uasset" 169
"../../../../../../Users/Jessica/Documents/Unreal Projects/GGJ2019/Content/VirtualRealityBP/Blueprints/BP_MotionController.uasset" 170
"../../../../../../Users/Jessica/Documents/Unreal Projects/GGJ2019/Content/VirtualRealityBP/Blueprints/MotionControllerPawn.uasset" 171
"../../../../../../Users/Jessica/Documents/Unreal Projects/GGJ2019/Content/VirtualRealityBP/Blueprints/MotionControllerPawn_2.uasset" 172
"../../../Engine/Content/ArtTools/RenderToTexture/Meshes/S_1_Unit_Plane.uasset" 173
"../../../Engine/Content/EditorLandscapeResources/DataLayer.uasset" 174
"../../../Engine/Content/EditorMaterials/GizmoMaterial.uasset" 175
"../../../Engine/Content/EditorMaterials/MAT_Groups_Toggle.uasset" 176
"../../../Engine/Content/EditorMaterials/MAT_Groups_Visibility.uasset" 177
"../../../Engine/Content/EditorMaterials/PreviewShadowIndicator.uasset" 178
"../../../Engine/Content/EditorMaterials/PreviewShadowIndicatorMaterial.uasset" 179
"../../../Engine/Content/EditorMaterials/MatineeGroups/MAT_ColorTrack.uasset" 180
"../../../Engine/Content/EditorMaterials/MatineeGroups/MAT_Groups_Anim.uasset" 181
"../../../Engine/Content/EditorMaterials/MatineeGroups/MAT_Groups_AudioMaster.uasset" 182
"../../../Engine/Content/EditorMaterials/MatineeGroups/MAT_Groups_Director.uasset" 183
"../../../Engine/Content/EditorMaterials/MatineeGroups/MAT_Groups_Event.uasset" 184
"../../../Engine/Content/EditorMaterials/MatineeGroups/MAT_Groups_Fade.uasset" 185
"../../../Engine/Content/EditorMaterials/MatineeGroups/MAT_Groups_Float.uasset" 186
"../../../Engine/Content/EditorMaterials/MatineeGroups/MAT_Groups_Move.uasset" 187
"../../../Engine/Content/EditorMaterials/MatineeGroups/MAT_Groups_Slomo.uasset" 188
"../../../Engine/Content/EditorMaterials/MatineeGroups/MAT_Groups_Sound.uasset" 189
"../../../Engine/Content/EditorMaterials/MatineeGroups/MAT_Groups_Vector.uasset" 190
"../../../Engine/Content/EditorMaterials/ParticleSystems/PSysThumbnail_NoImage.uasset" 191
"../../../Engine/Content/EditorMaterials/ParticleSystems/PSysThumbnail_OOD.uasset" 192
"../../../Engine/Content/EditorMaterials/Camera/CineMat.uasset" 193
"../../../Engine/Content/EditorMaterials/Camera/MI_CineMat_Rig.uasset" 194
"../../../Engine/Content/EditorMeshes/Camera/SM_CraneRig_Arm.uasset" 195
"../../../Engine/Content/EditorMeshes/Camera/SM_CraneRig_Base.uasset" 196
"../../../Engine/Content/EditorMeshes/Camera/SM_CraneRig_Body.uasset" 197
"../../../Engine/Content/EditorMeshes/Camera/SM_CraneRig_Mount.uasset" 198
"../../../Engine/Content/EditorMeshes/Camera/SM_RailRig_Mount.uasset" 199
"../../../Engine/Content/EditorMeshes/Camera/SM_RailRig_Track.uasset" 200
"../../../Engine/Content/EditorResources/BSPVertex.uasset" 201
"../../../Engine/Content/EditorResources/EmptyActor.uasset" 202
"../../../Engine/Content/EditorResources/S_Actor.uasset" 203
"../../../Engine/Content/EditorResources/S_Trigger.uasset" 204
"../../../Engine/Content/EditorResources/AudioIcons/S_AudioComponent.uasset" 205
"../../../Engine/Content/EditorResources/AudioIcons/S_AudioComponent_AutoActivate.uasset" 206
"../../../Engine/Content/EditorResources/LightIcons/S_LightError.uasset" 207
"../../../Engine/Content/EditorResources/SequenceRecorder/Countdown.uasset" 208
"../../../Engine/Content/EditorResources/SequenceRecorder/RecordingIndicator.uasset" 209
"../../../Engine/Content/EditorSounds/Notifications/CompileFailed.uasset" 210
"../../../Engine/Content/EditorSounds/Notifications/CompileFailed_Cue.uasset" 211
"../../../Engine/Content/EditorSounds/Notifications/CompileSuccess.uasset" 212
"../../../Engine/Content/EditorSounds/Notifications/CompileStart_Cue.uasset" 213
"../../../Engine/Content/EditorSounds/Notifications/CompileSuccess_Cue.uasset" 214
"../../../Engine/Content/EngineDamageTypes/DmgTypeBP_Environmental.uasset" 215
"../../../Engine/Content/EngineDebugMaterials/HeatmapGradient.uasset" 216
"../../../Engine/Content/EngineDebugMaterials/BoneWeightMaterial.uasset" 217
"../../../Engine/Content/EngineDebugMaterials/ClothMaterial.uasset" 218
"../../../Engine/Content/EngineDebugMaterials/ClothMaterial_WF.uasset" 219
"../../../Engine/Content/EngineDebugMaterials/DebugEditorMaterial.uasset" 220
"../../../Engine/Content/EngineDebugMaterials/DebugMeshMaterial.uasset" 221
"../../../Engine/Content/EngineDebugMaterials/GeomMaterial.uasset" 222
"../../../Engine/Content/EngineDebugMaterials/M_SimpleTranslucent.uasset" 223
"../../../Engine/Content/EngineFonts/Faces/RobotoBold.uasset" 224
"../../../Engine/Content/EngineFonts/Faces/RobotoBoldItalic.uasset" 225
"../../../Engine/Content/EngineFonts/Faces/RobotoItalic.uasset" 226
"../../../Engine/Content/EngineFonts/Faces/RobotoLight.uasset" 227
"../../../Engine/Content/EngineFonts/Faces/RobotoRegular.uasset" 228
"../../../Engine/Content/EngineFonts/Roboto.uasset" 229
"../../../Engine/Content/EngineFonts/Faces/RobotoTiny.uasset" 230
"../../../Engine/Content/EngineFonts/RobotoTiny.uasset" 231
"../../../Engine/Content/EngineMaterials/BaseFlattenDiffuseMap.uasset" 232
"../../../Engine/Content/EngineMaterials/BaseFlattenEmissiveMap.uasset" 233
"../../../Engine/Content/EngineMaterials/BaseFlattenGrayscaleMap.uasset" 234
"../../../Engine/Content/EngineMaterials/BaseFlattenNormalMap.uasset" 235
"../../../Engine/Content/EngineMaterials/BaseFlattenMaterial.uasset" 236
"../../../Engine/Content/EngineMaterials/DefaultBloomKernel.uasset" 237
"../../../Engine/Content/EngineMaterials/DefaultBokeh.uasset" 238
"../../../Engine/Content/EngineMaterials/DefaultDiffuse.uasset" 239
"../../../Engine/Content/EngineMaterials/DefaultDeferredDecalMaterial.uasset" 240
"../../../Engine/Content/EngineMaterials/DefaultLightFunctionMaterial.uasset" 241
"../../../Engine/Content/EngineMaterials/DefaultPhysicalMaterial.uasset" 242
"../../../Engine/Content/EngineMaterials/DefaultPostProcessMaterial.uasset" 243
"../../../Engine/Content/EngineFonts/RobotoDistanceField.uasset" 244
"../../../Engine/Content/EngineMaterials/DefaultTextMaterialOpaque.uasset" 245
"../../../Engine/Content/EngineMaterials/DefaultWhiteGrid.uasset" 246
"../../../Engine/Content/EngineMaterials/EditorBrushMaterial.uasset" 247
"../../../Engine/Content/EngineMaterials/MiniFont.uasset" 248
"../../../Engine/Content/EngineMaterials/InvalidLightmapSettings.uasset" 249
"../../../Engine/Content/EngineMaterials/M_InvalidLightmapSettings.uasset" 250
"../../../Engine/Content/Functions/Engine_MaterialFunctions02/WorldPositionOffset/CameraOffset.uasset" 251
"../../../Engine/Content/EngineMaterials/PhAT_JointLimitMaterial.uasset" 252
"../../../Engine/Content/EngineMaterials/PreintegratedSkinBRDF.uasset" 253
"../../../Engine/Content/EngineMaterials/RemoveSurfaceMaterial.uasset" 254
"../../../Engine/Content/EngineMaterials/WeightMapPlaceholderTexture.uasset" 255
"../../../Engine/Content/EngineResources/WhiteSquareTexture.uasset" 256
"../../../Engine/Content/EngineMaterials/Widget3DPassThrough.uasset" 257
"../../../Engine/Content/EngineMaterials/Widget3DPassThrough_Masked.uasset" 258
"../../../Engine/Content/EngineMaterials/Widget3DPassThrough_Opaque.uasset" 259
"../../../Engine/Content/EngineMaterials/Widget3DPassThrough_Masked_OneSided.uasset" 260
"../../../Engine/Content/EngineMaterials/Widget3DPassThrough_Opaque_OneSided.uasset" 261
"../../../Engine/Content/EngineMaterials/Widget3DPassThrough_Translucent.uasset" 262
"../../../Engine/Content/EngineMaterials/Widget3DPassThrough_Translucent_OneSided.uasset" 263
"../../../Engine/Content/EngineMeshes/Cylinder.uasset" 264
"../../../Engine/Content/EngineMeshes/Sphere.uasset" 265
"../../../Engine/Content/EngineResources/Black.uasset" 266
"../../../Engine/Content/EngineResources/DefaultTexture.uasset" 267
"../../../Engine/Content/EngineResources/DefaultTextureCube.uasset" 268
"../../../Engine/Content/EngineResources/DefaultVolumeTexture2D.uasset" 269
"../../../Engine/Content/EngineResources/DefaultVolumeTexture.uasset" 270
"../../../Engine/Content/EngineResources/GradientTexture0.uasset" 271
"../../../Engine/Content/EngineSounds/Master.uasset" 272
"../../../Engine/Content/Functions/Engine_MaterialFunctions01/Shading/ConvertFromDiffSpec.uasset" 273
"../../../Engine/Content/Functions/Engine_MaterialFunctions01/Shading/PowerToRoughness.uasset" 274
"../../../Engine/Content/Maps/Templates/Thumbnails/Default.uasset" 275
"../../../Engine/Content/Maps/Templates/Thumbnails/VR-Basic.uasset" 276
"../../../Engine/Content/MobileResources/T_MobileControls_texture.uasset" 277
"../../../Engine/Content/MobileResources/T_MobileMenu2.uasset" 278
"../../../Engine/Content/MobileResources/HUD/AnalogHat.uasset" 279
"../../../Engine/Content/MobileResources/HUD/VirtualJoystick_Background.uasset" 280
"../../../Engine/Content/MobileResources/HUD/VirtualJoystick_Thumb.uasset" 281
"../../../Engine/Content/MobileResources/HUD/DefaultVirtualJoysticks.uasset" 282
"../../../Engine/Content/MobileResources/HUD/LeftVirtualJoystickOnly.uasset" 283
"../../../Engine/Content/MobileResources/HUD/MobileHUDButton1_off.uasset" 284
"../../../Engine/Content/MobileResources/HUD/MobileHUDButton1_on.uasset" 285
"../../../Engine/Content/MobileResources/HUD/MobileHUDButton2_off.uasset" 286
"../../../Engine/Content/MobileResources/HUD/MobileHUDButton2_on.uasset" 287
"../../../Engine/Content/MobileResources/HUD/MobileHUDButton3.uasset" 288
"../../../Engine/Content/MobileResources/HUD/MobileHUDButtonFire.uasset" 289
"../../../Engine/Content/MobileResources/HUD/MobileHUDDirectionPad.uasset" 290
"../../../Engine/Content/MobileResources/HUD/MobileHUDDirectionPad2.uasset" 291
"../../../Engine/Content/MobileResources/HUD/MobileHUDDirectionPad3.uasset" 292
"../../../Engine/Content/MobileResources/HUD/MobileHUDDirectionStick.uasset" 293
"../../../Engine/Content/MobileResources/HUD/T_Castle_ThumbstickInner.uasset" 294
"../../../Engine/Content/MobileResources/HUD/T_Castle_ThumbstickOutter.uasset" 295
"../../../Engine/Content/Tutorial/ContentIntroCurve.uasset" 296
"../../../Engine/Content/Tutorial/Basics/TutorialAssets/icon_tab_Levels_40x.uasset" 297
"../../../Engine/Content/VREditor/LaserPointer/VR_LaserPower_01.uasset" 298
"../../../Engine/Content/VREditor/TransformGizmo/TransformGizmoMaterial.uasset" 299
"../../../Engine/Content/VREditor/TransformGizmo/TranslucentTransformGizmoMaterial.uasset" 300
"../../../Engine/Content/VREditor/TransformGizmo/BoundingBoxCorner.uasset" 301
"../../../Engine/Content/VREditor/TransformGizmo/BoundingBoxEdge.uasset" 302
"../../../Engine/Content/VREditor/TransformGizmo/PlaneTranslationHandle.uasset" 303
"../../../Engine/Content/VREditor/TransformGizmo/Main.uasset" 304
"../../../Engine/Content/VREditor/TransformGizmo/Xray.uasset" 305
"../../../Engine/Content/VREditor/TransformGizmo/SM_Sequencer_Key.uasset" 306
"../../../Engine/Content/VREditor/TransformGizmo/SM_Sequencer_Node.uasset" 307
"../../Plugins/2D/Paper2D/Content/PlaceholderTextures/DummySpriteTexture.uasset" 308
"../../Plugins/2D/Paper2D/Content/DummySprite.uasset" 309
"../../Plugins/2D/Paper2D/Content/DefaultPaperTerrainMaterial.uasset" 310
"../../Plugins/2D/Paper2D/Content/DefaultSpriteMaterial.uasset" 311
"../../Plugins/2D/Paper2D/Content/MaskedUnlitSpriteMaterial.uasset" 312
"../../Plugins/2D/Paper2D/Content/OpaqueUnlitSpriteMaterial.uasset" 313
"../../Plugins/Runtime/Oculus/OculusVR/Content/Materials/PokeAHoleMaterial.uasset" 314
"../../Plugins/Runtime/Oculus/OculusVR/Content/Textures/GearVRController_AO.uasset" 315
"../../Plugins/Runtime/Oculus/OculusVR/Content/Textures/GearVRController_Color.uasset" 316
"../../Plugins/Runtime/Oculus/OculusVR/Content/Textures/GearVRController_Normal.uasset" 317
"../../Plugins/Runtime/Oculus/OculusVR/Content/Materials/GearVRControllerMaterial.uasset" 318
"../../Plugins/Runtime/Oculus/OculusVR/Content/Meshes/GearVrController.uasset" 319
"../../Plugins/Runtime/Oculus/OculusVR/Content/Textures/touchController_albedo.uasset" 320
"../../Plugins/Runtime/Oculus/OculusVR/Content/Textures/touchController_controlmap.uasset" 321
"../../Plugins/Runtime/Oculus/OculusVR/Content/Materials/touchController_mat.uasset" 322
"../../Plugins/Runtime/Oculus/OculusVR/Content/Meshes/LeftTouchController.uasset" 323
"../../Plugins/Runtime/Oculus/OculusVR/Content/Meshes/RiftHMD.uasset" 324
"../../Plugins/Runtime/Oculus/OculusVR/Content/Meshes/RightTouchController.uasset" 325
"../../../../../../Users/Jessica/Documents/Unreal Projects/GGJ2019/Content/StarterContent/Textures/T_MacroVariation.uasset" 326
"../../../../../../Users/Jessica/Documents/Unreal Projects/GGJ2019/Content/StarterContent/Textures/T_Metal_Gold_D.uasset" 327
"../../../../../../Users/Jessica/Documents/Unreal Projects/GGJ2019/Content/StarterContent/Textures/T_Metal_Gold_N.uasset" 328
"../../../../../../Users/Jessica/Documents/Unreal Projects/GGJ2019/Content/StarterContent/Materials/M_Metal_Gold.uasset" 329
"../../../../../../Users/Jessica/Documents/Unreal Projects/GGJ2019/Content/VR_GripObject.uasset" 330
"../../../../../../Users/Jessica/Documents/Unreal Projects/GGJ2019/Content/Geometry/Meshes/1M_Cube.uasset" 331
"../../../../../../Users/Jessica/Documents/Unreal Projects/GGJ2019/Content/GripProps/ToastBP.uasset" 332
"../../../../../../Users/Jessica/Documents/Unreal Projects/GGJ2019/Content/Props/Hand/hand_Skeleton.uasset" 333
"../../../../../../Users/Jessica/Documents/Unreal Projects/GGJ2019/Content/Props/Hand/Grab.uasset" 334
"../../../../../../Users/Jessica/Documents/Unreal Projects/GGJ2019/Content/Props/Hand/GrabPoint.uasset" 335
"../../../../../../Users/Jessica/Documents/Unreal Projects/GGJ2019/Content/Props/Hand/Open.uasset" 336
"../../../../../../Users/Jessica/Documents/Unreal Projects/GGJ2019/Content/Props/Hand/OpenPoint.uasset" 337
"../../../../../../Users/Jessica/Documents/Unreal Projects/GGJ2019/Content/Props/Hand/BP_HandAnimi.uasset" 338
"../../../../../../Users/Jessica/Documents/Unreal Projects/GGJ2019/Content/DeathMessage.uasset" 339
"../../../../../../Users/Jessica/Documents/Unreal Projects/GGJ2019/Content/DeathMessageHolder.uasset" 340
"../../../../../../Users/Jessica/Documents/Unreal Projects/GGJ2019/Content/Materials/OutlineMaterial/Materials/PostProcessingOutline.uasset" 341
"../../../../../../Users/Jessica/Documents/Unreal Projects/GGJ2019/Content/Props/Hand/hand_PhysicsAsset.uasset" 342
"../../../../../../Users/Jessica/Documents/Unreal Projects/GGJ2019/Content/Props/Hand/hand.uasset" 343
"../../../../../../Users/Jessica/Documents/Unreal Projects/GGJ2019/Content/Sounds/Ambient_H_Spaced_Out.uasset" 344
"../../../../../../Users/Jessica/Documents/Unreal Projects/GGJ2019/Content/VR_Pawn.uasset" 345
"../../../../../../Users/Jessica/Documents/Unreal Projects/GGJ2019/Content/GripProps/WatchStateMachine.uasset" 346
"../../../../../../Users/Jessica/Documents/Unreal Projects/GGJ2019/Content/StarterContent/Textures/T_Ground_Grass_D.uasset" 347
"../../../../../../Users/Jessica/Documents/Unreal Projects/GGJ2019/Content/StarterContent/Textures/T_Ground_Grass_N.uasset" 348
"../../../../../../Users/Jessica/Documents/Unreal Projects/GGJ2019/Content/StarterContent/Textures/T_Perlin_Noise_M.uasset" 349
"../../../../../../Users/Jessica/Documents/Unreal Projects/GGJ2019/Content/StarterContent/Materials/M_Ground_Grass.uasset" 350
"../../../../../../Users/Jessica/Documents/Unreal Projects/GGJ2019/Content/StarterContent/Textures/T_Metal_Steel_D.uasset" 351
"../../../../../../Users/Jessica/Documents/Unreal Projects/GGJ2019/Content/StarterContent/Textures/T_Metal_Steel_N.uasset" 352
"../../../../../../Users/Jessica/Documents/Unreal Projects/GGJ2019/Content/StarterContent/Materials/M_Metal_Steel.uasset" 353
"../../../../../../Users/Jessica/Documents/Unreal Projects/GGJ2019/Content/Props/Shower/TEX_Shower_BASECOLOR.uasset" 354
"../../../../../../Users/Jessica/Documents/Unreal Projects/GGJ2019/Content/Props/Shower/TEX_Shower_NRM.uasset" 355
"../../../../../../Users/Jessica/Documents/Unreal Projects/GGJ2019/Content/Props/Shower/TEX_Shower_ORM.uasset" 356
"../../../../../../Users/Jessica/Documents/Unreal Projects/GGJ2019/Content/Props/Shower/MATINST_Shower.uasset" 357
"../../../../../../Users/Jessica/Documents/Unreal Projects/GGJ2019/Content/Props/Shower/shower_Body_Low.uasset" 358
"../../../../../../Users/Jessica/Documents/Unreal Projects/GGJ2019/Content/Props/Shower/shower_Controls_Low.uasset" 359
"../../../../../../Users/Jessica/Documents/Unreal Projects/GGJ2019/Content/Props/Shower/shower_Curtain_Low.uasset" 360
"../../../../../../Users/Jessica/Documents/Unreal Projects/GGJ2019/Content/Props/Shower/shower_Curtain_Low_001.uasset" 361
"../../../../../../Users/Jessica/Documents/Unreal Projects/GGJ2019/Content/Props/Shower/shower_Curtain_Low_002.uasset" 362
"../../../../../../Users/Jessica/Documents/Unreal Projects/GGJ2019/Content/Props/Shower/shower_Curtain_Low_003.uasset" 363
"../../../../../../Users/Jessica/Documents/Unreal Projects/GGJ2019/Content/Props/Shower/shower_Curtain_Low_004.uasset" 364
"../../../../../../Users/Jessica/Documents/Unreal Projects/GGJ2019/Content/Props/Shower/shower_Curtain_Low_005.uasset" 365
"../../../../../../Users/Jessica/Documents/Unreal Projects/GGJ2019/Content/Props/Shower/shower_Curtain_Low_006.uasset" 366
"../../../../../../Users/Jessica/Documents/Unreal Projects/GGJ2019/Content/Props/Shower/shower_Curtain_Low_007.uasset" 367
"../../../../../../Users/Jessica/Documents/Unreal Projects/GGJ2019/Content/Props/Shower/shower_Curtain_Low_008.uasset" 368
"../../../../../../Users/Jessica/Documents/Unreal Projects/GGJ2019/Content/Props/Shower/shower_Curtain_Low_009.uasset" 369
"../../../../../../Users/Jessica/Documents/Unreal Projects/GGJ2019/Content/Props/Shower/shower_Curtain_Low_010.uasset" 370
"../../../../../../Users/Jessica/Documents/Unreal Projects/GGJ2019/Content/Props/Shower/shower_Curtain_Low_011.uasset" 371
"../../../../../../Users/Jessica/Documents/Unreal Projects/GGJ2019/Content/Props/Shower/shower_Curtain_Low_012.uasset" 372
"../../../../../../Users/Jessica/Documents/Unreal Projects/GGJ2019/Content/Props/Shower/shower_Curtain_Low_013.uasset" 373
"../../../../../../Users/Jessica/Documents/Unreal Projects/GGJ2019/Content/Props/Shower/shower_Curtain_Low_014.uasset" 374
"../../../../../../Users/Jessica/Documents/Unreal Projects/GGJ2019/Content/Props/Shower/shower_Curtain_Low_015.uasset" 375
"../../../../../../Users/Jessica/Documents/Unreal Projects/GGJ2019/Content/Sounds/shower-1.uasset" 376
"../../../../../../Users/Jessica/Documents/Unreal Projects/GGJ2019/Content/StarterContent/Audio/Fire01.uasset" 377
"../../../../../../Users/Jessica/Documents/Unreal Projects/GGJ2019/Content/StarterContent/Textures/T_Fire_SubUV.uasset" 378
"../../../../../../Users/Jessica/Documents/Unreal Projects/GGJ2019/Content/StarterContent/Textures/T_Fire_Tiled_D.uasset" 379
"../../../../../../Users/Jessica/Documents/Unreal Projects/GGJ2019/Content/StarterContent/Particles/Materials/M_Fire_SubUV.uasset" 380
"../../../../../../Users/Jessica/Documents/Unreal Projects/GGJ2019/Content/StarterContent/Textures/T_Water_N.uasset" 381
"../../../../../../Users/Jessica/Documents/Unreal Projects/GGJ2019/Content/StarterContent/Particles/Materials/M_Heat_Distortion.uasset" 382
"../../../../../../Users/Jessica/Documents/Unreal Projects/GGJ2019/Content/StarterContent/Particles/Materials/M_Radial_Gradient.uasset" 383
"../../../../../../Users/Jessica/Documents/Unreal Projects/GGJ2019/Content/StarterContent/Particles/P_Fire.uasset" 384
"../../../../../../Users/Jessica/Documents/Unreal Projects/GGJ2019/Content/StarterContent/Particles/P_Steam_Lit.uasset" 385
"../../../../../../Users/Jessica/Documents/Unreal Projects/GGJ2019/Content/Props/Shower/Shower.uasset" 386
"../../../../../../Users/Jessica/Documents/Unreal Projects/GGJ2019/Content/Maps/Asset_Zoo.umap" 387
"../../../../../../Users/Jessica/Documents/Unreal Projects/GGJ2019/Content/Props/Explodey/TEX_explodey_BASECOLOR.uasset" 388
"../../../../../../Users/Jessica/Documents/Unreal Projects/GGJ2019/Content/Props/Explodey/TEX_explodey_NRM.uasset" 389
"../../../../../../Users/Jessica/Documents/Unreal Projects/GGJ2019/Content/Props/Explodey/TEX_explodey_ORM.uasset" 390
"../../../../../../Users/Jessica/Documents/Unreal Projects/GGJ2019/Content/Props/Explodey/Matinst_explodey.uasset" 391
"../../../../../../Users/Jessica/Documents/Unreal Projects/GGJ2019/Content/Props/Explodey/explodey_low_bit2_low.uasset" 392
"../../../../../../Users/Jessica/Documents/Unreal Projects/GGJ2019/Content/GripProps/ExplodingOnContact2.uasset" 393
"../../../../../../Users/Jessica/Documents/Unreal Projects/GGJ2019/Content/Props/Explodey/explodey_low_bit1_low.uasset" 394
"../../../../../../Users/Jessica/Documents/Unreal Projects/GGJ2019/Content/StarterContent/Audio/Explosion02.uasset" 395
"../../../../../../Users/Jessica/Documents/Unreal Projects/GGJ2019/Content/GripProps/ExplodingOnContact.uasset" 396
"../../../../../../Users/Jessica/Documents/Unreal Projects/GGJ2019/Content/StarterContent/Blueprints/Assets/M_LightStage_Arrows.uasset" 397
"../../../../../../Users/Jessica/Documents/Unreal Projects/GGJ2019/Content/Props/Forks/forks_low_5Fork_low.uasset" 398
"../../../../../../Users/Jessica/Documents/Unreal Projects/GGJ2019/Content/GripProps/ForkBP.uasset" 399
"../../../../../../Users/Jessica/Documents/Unreal Projects/GGJ2019/Content/Sounds/button-1.uasset" 400
"../../../../../../Users/Jessica/Documents/Unreal Projects/GGJ2019/Content/Sounds/FXhome_com_Electrical_Sound_01_01.uasset" 401
"../../../../../../Users/Jessica/Documents/Unreal Projects/GGJ2019/Content/StarterContent/Textures/T_Spark_Core.uasset" 402
"../../../../../../Users/Jessica/Documents/Unreal Projects/GGJ2019/Content/StarterContent/Particles/Materials/M_Spark.uasset" 403
"../../../../../../Users/Jessica/Documents/Unreal Projects/GGJ2019/Content/StarterContent/Particles/P_Sparks.uasset" 404
"../../../../../../Users/Jessica/Documents/Unreal Projects/GGJ2019/Content/GripProps/ToasterBP.uasset" 405
"../../../Engine/Content/EngineSky/C_Sky_Cloud_Color.uasset" 406
"../../../Engine/Content/EngineSky/C_Sky_Horizon_Color.uasset" 407
"../../../Engine/Content/EngineSky/C_Sky_Zenith_Color.uasset" 408
"../../../Engine/Content/EngineSky/T_Sky_Blue.uasset" 409
"../../../Engine/Content/EngineSky/T_Sky_Clouds_M.uasset" 410
"../../../Engine/Content/EngineSky/T_Sky_Stars.uasset" 411
"../../../Engine/Content/EngineSky/M_Sky_Panning_Clouds2.uasset" 412
"../../../Engine/Content/EngineSky/SM_SkySphere.uasset" 413
"../../../Engine/Content/EngineSky/BP_Sky_Sphere.uasset" 414
"../../../../../../Users/Jessica/Documents/Unreal Projects/GGJ2019/Content/Maps/Untitled_BuiltData.uasset" 415
"../../../Engine/Content/VREditor/BasicMeshes/T_CleanFloorGrunge_01_D.uasset" 416
"../../../Engine/Content/VREditor/BasicMeshes/M_Floor_01.uasset" 417
"../../../Engine/Content/VREditor/BasicMeshes/MI_Ball_01.uasset" 418
"../../../Engine/Content/VREditor/BasicMeshes/SM_Ball_01.uasset" 419
"../../../Engine/Content/VREditor/BasicMeshes/MI_Cube_01.uasset" 420
"../../../Engine/Content/VREditor/BasicMeshes/SM_Cube_01.uasset" 421
"../../../Engine/Content/VREditor/BasicMeshes/MI_Cube_02.uasset" 422
"../../../Engine/Content/VREditor/BasicMeshes/SM_Cube_02.uasset" 423
"../../../Engine/Content/VREditor/BasicMeshes/MI_Cube_03.uasset" 424
"../../../Engine/Content/VREditor/BasicMeshes/SM_Cube_03.uasset" 425
"../../../Engine/Content/VREditor/BasicMeshes/MI_Pyramid_01.uasset" 426
"../../../Engine/Content/VREditor/BasicMeshes/SM_Pyramid_01.uasset" 427
"../../../Engine/Content/VREditor/BasicMeshes/SM_Room_01.uasset" 428
"../../../../../../Users/Jessica/Documents/Unreal Projects/GGJ2019/Content/Maps/Untitled.umap" 429
"../../../../../../Users/Jessica/Documents/Unreal Projects/GGJ2019/Content/StarterContent/Blueprints/Assets/FogBrightnessLUT.uasset" 430
"../../../../../../Users/Jessica/Documents/Unreal Projects/GGJ2019/Content/StarterContent/Blueprints/Assets/SunlightColorLUT.uasset" 431
"../../../Engine/Content/MapTemplates/Sky/DaylightAmbientCubemap.uasset" 432
"../../../../../../Users/Jessica/Documents/Unreal Projects/GGJ2019/Content/StarterContent/Blueprints/Assets/M_LightStage_Skybox_Master.uasset" 433
"../../../../../../Users/Jessica/Documents/Unreal Projects/GGJ2019/Content/StarterContent/Blueprints/Assets/M_LightStage_Skybox_Black.uasset" 434
"../../../../../../Users/Jessica/Documents/Unreal Projects/GGJ2019/Content/StarterContent/Blueprints/Assets/M_LightStage_Skybox_HDRI.uasset" 435
"../../../Engine/Content/EditorMaterials/Thumbnails/SkySphereMaterial.uasset" 436
"../../../../../../Users/Jessica/Documents/Unreal Projects/GGJ2019/Content/StarterContent/Blueprints/Assets/Skybox.uasset" 437
"../../../../../../Users/Jessica/Documents/Unreal Projects/GGJ2019/Content/StarterContent/Blueprints/Assets/SM_Arrows.uasset" 438
"../../../../../../Users/Jessica/Documents/Unreal Projects/GGJ2019/Content/StarterContent/HDRI/HDRI_Epic_Courtyard_Daylight.uasset" 439
"../../../../../../Users/Jessica/Documents/Unreal Projects/GGJ2019/Content/StarterContent/Blueprints/BP_LightStudio.uasset" 440
"../../../../../../Users/Jessica/Documents/Unreal Projects/GGJ2019/Content/StarterContent/Maps/Advanced_Lighting_BuiltData.uasset" 441
"../../../../../../Users/Jessica/Documents/Unreal Projects/GGJ2019/Content/StarterContent/Materials/M_AssetPlatform.uasset" 442
"../../../Engine/Content/EditorMeshes/ColorCalibrator/M_ChromeBall.uasset" 443
"../../../Engine/Content/EditorMeshes/ColorCalibrator/M_ClearCoat.uasset" 444
"../../../Engine/Content/EditorMeshes/ColorCalibrator/M_ClearCoatBlack.uasset" 445
"../../../Engine/Content/EditorMeshes/ColorCalibrator/Color_checker.uasset" 446
"../../../Engine/Content/EditorMeshes/ColorCalibrator/M_ColorGrid.uasset" 447
"../../../Engine/Content/EditorMeshes/ColorCalibrator/M_GreyBall.uasset" 448
"../../../Engine/Content/EditorMeshes/ColorCalibrator/SM_ColorCalibrator.uasset" 449
"../../../../../../Users/Jessica/Documents/Unreal Projects/GGJ2019/Content/StarterContent/Architecture/SM_AssetPlatform.uasset" 450
"../../../../../../Users/Jessica/Documents/Unreal Projects/GGJ2019/Content/StarterContent/Maps/Advanced_Lighting.umap" 451
"../../../../../../Users/Jessica/Documents/Unreal Projects/GGJ2019/Content/StarterContent/Maps/Minimal_Default_BuiltData.uasset" 452
"../../../../../../Users/Jessica/Documents/Unreal Projects/GGJ2019/Content/StarterContent/Materials/M_Metal_Brushed_Nickel.uasset" 453
"../../../../../../Users/Jessica/Documents/Unreal Projects/GGJ2019/Content/StarterContent/Textures/T_Metal_Aluminum_D.uasset" 454
"../../../../../../Users/Jessica/Documents/Unreal Projects/GGJ2019/Content/StarterContent/Materials/M_Metal_Burnished_Steel.uasset" 455
"../../../../../../Users/Jessica/Documents/Unreal Projects/GGJ2019/Content/StarterContent/Textures/T_Metal_Copper_D.uasset" 456
"../../../../../../Users/Jessica/Documents/Unreal Projects/GGJ2019/Content/StarterContent/Materials/M_Metal_Copper.uasset" 457
"../../../../../../Users/Jessica/Documents/Unreal Projects/GGJ2019/Content/StarterContent/Textures/T_Statue_M.uasset" 458
"../../../../../../Users/Jessica/Documents/Unreal Projects/GGJ2019/Content/StarterContent/Textures/T_Statue_N.uasset" 459
"../../../../../../Users/Jessica/Documents/Unreal Projects/GGJ2019/Content/StarterContent/Props/Materials/M_StatueGlass.uasset" 460
"../../../../../../Users/Jessica/Documents/Unreal Projects/GGJ2019/Content/StarterContent/Architecture/Floor_400x400.uasset" 461
"../../../../../../Users/Jessica/Documents/Unreal Projects/GGJ2019/Content/StarterContent/Audio/Starter_Background_Cue.uasset" 462
"../../../../../../Users/Jessica/Documents/Unreal Projects/GGJ2019/Content/StarterContent/Props/SM_Chair.uasset" 463
"../../../../../../Users/Jessica/Documents/Unreal Projects/GGJ2019/Content/StarterContent/Props/Materials/M_Statue.uasset" 464
"../../../../../../Users/Jessica/Documents/Unreal Projects/GGJ2019/Content/StarterContent/Props/SM_Statue.uasset" 465
"../../../../../../Users/Jessica/Documents/Unreal Projects/GGJ2019/Content/StarterContent/Textures/T_TableRound_M.uasset" 466
"../../../../../../Users/Jessica/Documents/Unreal Projects/GGJ2019/Content/StarterContent/Textures/T_TableRound_N.uasset" 467
"../../../../../../Users/Jessica/Documents/Unreal Projects/GGJ2019/Content/StarterContent/Props/Materials/M_TableRound.uasset" 468
"../../../../../../Users/Jessica/Documents/Unreal Projects/GGJ2019/Content/StarterContent/Props/SM_TableRound.uasset" 469
"../../../../../../Users/Jessica/Documents/Unreal Projects/GGJ2019/Content/StarterContent/Maps/Minimal_Default.umap" 470
"../../../../../../Users/Jessica/Documents/Unreal Projects/GGJ2019/Content/StarterContent/Audio/Fire01_Cue.uasset" 471
"../../../../../../Users/Jessica/Documents/Unreal Projects/GGJ2019/Content/StarterContent/Blueprints/Blueprint_Effect_Fire.uasset" 472
"../../../../../../Users/Jessica/Documents/Unreal Projects/GGJ2019/Content/StarterContent/Audio/Smoke01_Cue.uasset" 473
"../../../../../../Users/Jessica/Documents/Unreal Projects/GGJ2019/Content/StarterContent/Particles/P_Smoke.uasset" 474
"../../../../../../Users/Jessica/Documents/Unreal Projects/GGJ2019/Content/StarterContent/Blueprints/Blueprint_Effect_Smoke.uasset" 475
"../../../../../../Users/Jessica/Documents/Unreal Projects/GGJ2019/Content/StarterContent/Audio/Fire_Sparks01_Cue.uasset" 476
"../../../../../../Users/Jessica/Documents/Unreal Projects/GGJ2019/Content/StarterContent/Blueprints/Blueprint_Effect_Sparks.uasset" 477
"../../../../../../Users/Jessica/Documents/Unreal Projects/GGJ2019/Content/StarterContent/Audio/Steam01_Cue.uasset" 478
"../../../../../../Users/Jessica/Documents/Unreal Projects/GGJ2019/Content/StarterContent/Blueprints/Blueprint_Effect_Steam.uasset" 479
"../../../../../../Users/Jessica/Documents/Unreal Projects/GGJ2019/Content/StarterContent/Textures/T_Lamp_M.uasset" 480
"../../../../../../Users/Jessica/Documents/Unreal Projects/GGJ2019/Content/StarterContent/Textures/T_Lamp_N.uasset" 481
"../../../../../../Users/Jessica/Documents/Unreal Projects/GGJ2019/Content/StarterContent/Props/Materials/M_Lamp.uasset" 482
"../../../../../../Users/Jessica/Documents/Unreal Projects/GGJ2019/Content/StarterContent/Props/SM_Lamp_Ceiling.uasset" 483
"../../../../../../Users/Jessica/Documents/Unreal Projects/GGJ2019/Content/StarterContent/Blueprints/Blueprint_CeilingLight.uasset" 484
"../../../../../../Users/Jessica/Documents/Unreal Projects/GGJ2019/Content/StarterContent/Props/SM_Lamp_Wall.uasset" 485
"../../../../../../Users/Jessica/Documents/Unreal Projects/GGJ2019/Content/StarterContent/Blueprints/Blueprint_WallSconce.uasset" 486
"../../../../../../Users/Jessica/Documents/Unreal Projects/GGJ2019/Content/StarterContent/Maps/StarterMap_BuiltData.uasset" 487
"../../../Engine/Content/Functions/Engine_MaterialFunctions03/Procedurals/ComputeFilterWidth.uasset" 488
"../../../Engine/Content/EngineMaterials/AntiAliasedTextMaterialTranslucent.uasset" 489
"../../../../../../Users/Jessica/Documents/Unreal Projects/GGJ2019/Content/StarterContent/Textures/T_Brick_Clay_Beveled_D.uasset" 490
"../../../../../../Users/Jessica/Documents/Unreal Projects/GGJ2019/Content/StarterContent/Textures/T_Brick_Clay_Beveled_M.uasset" 491
"../../../../../../Users/Jessica/Documents/Unreal Projects/GGJ2019/Content/StarterContent/Textures/T_Brick_Clay_Beveled_N.uasset" 492
"../../../../../../Users/Jessica/Documents/Unreal Projects/GGJ2019/Content/StarterContent/Materials/M_Brick_Clay_Beveled.uasset" 493
"../../../../../../Users/Jessica/Documents/Unreal Projects/GGJ2019/Content/StarterContent/Textures/T_Brick_Clay_New_D.uasset" 494
"../../../../../../Users/Jessica/Documents/Unreal Projects/GGJ2019/Content/StarterContent/Textures/T_Brick_Clay_New_M.uasset" 495
"../../../../../../Users/Jessica/Documents/Unreal Projects/GGJ2019/Content/StarterContent/Textures/T_Brick_Clay_New_N.uasset" 496
"../../../../../../Users/Jessica/Documents/Unreal Projects/GGJ2019/Content/StarterContent/Materials/M_Brick_Clay_New.uasset" 497
"../../../../../../Users/Jessica/Documents/Unreal Projects/GGJ2019/Content/StarterContent/Textures/T_Brick_Clay_Old_D.uasset" 498
"../../../../../../Users/Jessica/Documents/Unreal Projects/GGJ2019/Content/StarterContent/Textures/T_Brick_Clay_Old_N.uasset" 499
"../../../../../../Users/Jessica/Documents/Unreal Projects/GGJ2019/Content/StarterContent/Materials/M_Brick_Clay_Old.uasset" 500
"../../../../../../Users/Jessica/Documents/Unreal Projects/GGJ2019/Content/StarterContent/Textures/T_Brick_Cut_Stone_D.uasset" 501
"../../../../../../Users/Jessica/Documents/Unreal Projects/GGJ2019/Content/StarterContent/Textures/T_Brick_Cut_Stone_N.uasset" 502
"../../../../../../Users/Jessica/Documents/Unreal Projects/GGJ2019/Content/StarterContent/Materials/M_Brick_Cut_Stone.uasset" 503
"../../../../../../Users/Jessica/Documents/Unreal Projects/GGJ2019/Content/StarterContent/Textures/T_Brick_Hewn_Stone_D.uasset" 504
"../../../../../../Users/Jessica/Documents/Unreal Projects/GGJ2019/Content/StarterContent/Textures/T_Brick_Hewn_Stone_M.uasset" 505
"../../../../../../Users/Jessica/Documents/Unreal Projects/GGJ2019/Content/StarterContent/Textures/T_Brick_Hewn_Stone_N.uasset" 506
"../../../../../../Users/Jessica/Documents/Unreal Projects/GGJ2019/Content/StarterContent/Materials/M_Brick_Hewn_Stone.uasset" 507
"../../../../../../Users/Jessica/Documents/Unreal Projects/GGJ2019/Content/StarterContent/Textures/T_Ceramic_Tile_M.uasset" 508
"../../../../../../Users/Jessica/Documents/Unreal Projects/GGJ2019/Content/StarterContent/Textures/T_Ceramic_Tile_N.uasset" 509
"../../../../../../Users/Jessica/Documents/Unreal Projects/GGJ2019/Content/StarterContent/Textures/T_Rock_Marble_Polished_D.uasset" 510
"../../../../../../Users/Jessica/Documents/Unreal Projects/GGJ2019/Content/StarterContent/Materials/M_Ceramic_Tile_Checker.uasset" 511
"../../../../../../Users/Jessica/Documents/Unreal Projects/GGJ2019/Content/StarterContent/Textures/T_CobbleStone_Pebble_D.uasset" 512
"../../../../../../Users/Jessica/Documents/Unreal Projects/GGJ2019/Content/StarterContent/Textures/T_CobbleStone_Pebble_M.uasset" 513
"../../../../../../Users/Jessica/Documents/Unreal Projects/GGJ2019/Content/StarterContent/Textures/T_CobbleStone_Pebble_N.uasset" 514
"../../../../../../Users/Jessica/Documents/Unreal Projects/GGJ2019/Content/StarterContent/Materials/M_CobbleStone_Pebble.uasset" 515
"../../../../../../Users/Jessica/Documents/Unreal Projects/GGJ2019/Content/StarterContent/Textures/T_CobbleStone_Rough_D.uasset" 516
"../../../../../../Users/Jessica/Documents/Unreal Projects/GGJ2019/Content/StarterContent/Textures/T_CobbleStone_Rough_N.uasset" 517
"../../../../../../Users/Jessica/Documents/Unreal Projects/GGJ2019/Content/StarterContent/Textures/T_Gradinet_01.uasset" 518
"../../../../../../Users/Jessica/Documents/Unreal Projects/GGJ2019/Content/StarterContent/Textures/T_Rock_Smooth_Granite_D.uasset" 519
"../../../../../../Users/Jessica/Documents/Unreal Projects/GGJ2019/Content/StarterContent/Materials/M_CobbleStone_Rough.uasset" 520
"../../../../../../Users/Jessica/Documents/Unreal Projects/GGJ2019/Content/StarterContent/Textures/T_CobbleStone_Smooth_D.uasset" 521
"../../../../../../Users/Jessica/Documents/Unreal Projects/GGJ2019/Content/StarterContent/Textures/T_CobbleStone_Smooth_M.uasset" 522
"../../../../../../Users/Jessica/Documents/Unreal Projects/GGJ2019/Content/StarterContent/Textures/T_CobbleStone_Smooth_N.uasset" 523
"../../../../../../Users/Jessica/Documents/Unreal Projects/GGJ2019/Content/StarterContent/Materials/M_CobbleStone_Smooth.uasset" 524
"../../../../../../Users/Jessica/Documents/Unreal Projects/GGJ2019/Content/StarterContent/Textures/T_Concrete_Grime_D.uasset" 525
"../../../../../../Users/Jessica/Documents/Unreal Projects/GGJ2019/Content/StarterContent/Textures/T_Metal_Rust_N.uasset" 526
"../../../../../../Users/Jessica/Documents/Unreal Projects/GGJ2019/Content/StarterContent/Materials/M_Concrete_Grime.uasset" 527
"../../../../../../Users/Jessica/Documents/Unreal Projects/GGJ2019/Content/StarterContent/Textures/T_Concrete_Panels_D.uasset" 528
"../../../../../../Users/Jessica/Documents/Unreal Projects/GGJ2019/Content/StarterContent/Textures/T_Concrete_Panels_N.uasset" 529
"../../../../../../Users/Jessica/Documents/Unreal Projects/GGJ2019/Content/StarterContent/Materials/M_Concrete_Panels.uasset" 530
"../../../../../../Users/Jessica/Documents/Unreal Projects/GGJ2019/Content/StarterContent/Textures/T_Concrete_Poured_D.uasset" 531
"../../../../../../Users/Jessica/Documents/Unreal Projects/GGJ2019/Content/StarterContent/Textures/T_Concrete_Poured_N.uasset" 532
"../../../../../../Users/Jessica/Documents/Unreal Projects/GGJ2019/Content/StarterContent/Materials/M_Concrete_Poured.uasset" 533
"../../../../../../Users/Jessica/Documents/Unreal Projects/GGJ2019/Content/StarterContent/Textures/T_Concrete_Tiles_D.uasset" 534
"../../../../../../Users/Jessica/Documents/Unreal Projects/GGJ2019/Content/StarterContent/Textures/T_Concrete_Tiles_M.uasset" 535
"../../../../../../Users/Jessica/Documents/Unreal Projects/GGJ2019/Content/StarterContent/Textures/T_Concrete_Tiles_N.uasset" 536
"../../../../../../Users/Jessica/Documents/Unreal Projects/GGJ2019/Content/StarterContent/Textures/T_Concrete_Tiles_Variation_M.uasset" 537
"../../../../../../Users/Jessica/Documents/Unreal Projects/GGJ2019/Content/StarterContent/Materials/M_Concrete_Tiles.uasset" 538
"../../../../../../Users/Jessica/Documents/Unreal Projects/GGJ2019/Content/StarterContent/Textures/T_Ground_Gravel_D.uasset" 539
"../../../../../../Users/Jessica/Documents/Unreal Projects/GGJ2019/Content/StarterContent/Textures/T_Ground_Gravel_N.uasset" 540
"../../../../../../Users/Jessica/Documents/Unreal Projects/GGJ2019/Content/StarterContent/Materials/M_Ground_Gravel.uasset" 541
"../../../../../../Users/Jessica/Documents/Unreal Projects/GGJ2019/Content/StarterContent/Textures/T_ground_Moss_D.uasset" 542
"../../../../../../Users/Jessica/Documents/Unreal Projects/GGJ2019/Content/StarterContent/Textures/T_Ground_Moss_N.uasset" 543
"../../../../../../Users/Jessica/Documents/Unreal Projects/GGJ2019/Content/StarterContent/Materials/M_Ground_Moss.uasset" 544
"../../../../../../Users/Jessica/Documents/Unreal Projects/GGJ2019/Content/StarterContent/Materials/M_Metal_Chrome.uasset" 545
"../../../../../../Users/Jessica/Documents/Unreal Projects/GGJ2019/Content/StarterContent/Textures/T_Metal_Rust_D.uasset" 546
"../../../../../../Users/Jessica/Documents/Unreal Projects/GGJ2019/Content/StarterContent/Materials/M_Metal_Rust.uasset" 547
"../../../../../../Users/Jessica/Documents/Unreal Projects/GGJ2019/Content/StarterContent/Textures/T_Rock_Basalt_N.uasset" 548
"../../../../../../Users/Jessica/Documents/Unreal Projects/GGJ2019/Content/StarterContent/Materials/M_Rock_Basalt.uasset" 549
"../../../../../../Users/Jessica/Documents/Unreal Projects/GGJ2019/Content/StarterContent/Materials/M_Rock_Marble_Polished.uasset" 550
"../../../../../../Users/Jessica/Documents/Unreal Projects/GGJ2019/Content/StarterContent/Textures/T_Rock_Sandstone_D.uasset" 551
"../../../../../../Users/Jessica/Documents/Unreal Projects/GGJ2019/Content/StarterContent/Textures/T_Rock_Sandstone_N.uasset" 552
"../../../../../../Users/Jessica/Documents/Unreal Projects/GGJ2019/Content/StarterContent/Materials/M_Rock_Sandstone.uasset" 553
"../../../../../../Users/Jessica/Documents/Unreal Projects/GGJ2019/Content/StarterContent/Textures/T_Rock_Slate_D.uasset" 554
"../../../../../../Users/Jessica/Documents/Unreal Projects/GGJ2019/Content/StarterContent/Textures/T_Rock_Slate_N.uasset" 555
"../../../../../../Users/Jessica/Documents/Unreal Projects/GGJ2019/Content/StarterContent/Materials/M_Rock_Slate.uasset" 556
"../../../../../../Users/Jessica/Documents/Unreal Projects/GGJ2019/Content/StarterContent/Textures/T_Checker_Noise_M.uasset" 557
"../../../../../../Users/Jessica/Documents/Unreal Projects/GGJ2019/Content/StarterContent/Textures/T_Single_Tile_N.uasset" 558
"../../../../../../Users/Jessica/Documents/Unreal Projects/GGJ2019/Content/StarterContent/Textures/T_Tech_Dot_M.uasset" 559
"../../../../../../Users/Jessica/Documents/Unreal Projects/GGJ2019/Content/StarterContent/Textures/T_Tech_Dot_N.uasset" 560
"../../../../../../Users/Jessica/Documents/Unreal Projects/GGJ2019/Content/StarterContent/Materials/M_Tech_Checker_Dot.uasset" 561
"../../../../../../Users/Jessica/Documents/Unreal Projects/GGJ2019/Content/StarterContent/Textures/T_Tech_Hex_Tile_M.uasset" 562
"../../../../../../Users/Jessica/Documents/Unreal Projects/GGJ2019/Content/StarterContent/Textures/T_Tech_Hex_Tile_N.uasset" 563
"../../../../../../Users/Jessica/Documents/Unreal Projects/GGJ2019/Content/StarterContent/Materials/M_Tech_Hex_Tile.uasset" 564
"../../../../../../Users/Jessica/Documents/Unreal Projects/GGJ2019/Content/StarterContent/Materials/M_Tech_Hex_Tile_Pulse.uasset" 565
"../../../../../../Users/Jessica/Documents/Unreal Projects/GGJ2019/Content/StarterContent/Textures/T_Tech_Panel_M.uasset" 566
"../../../../../../Users/Jessica/Documents/Unreal Projects/GGJ2019/Content/StarterContent/Textures/T_Tech_Panel_N.uasset" 567
"../../../../../../Users/Jessica/Documents/Unreal Projects/GGJ2019/Content/StarterContent/Materials/M_Tech_Panel.uasset" 568
"../../../../../../Users/Jessica/Documents/Unreal Projects/GGJ2019/Content/StarterContent/Materials/M_Water_Lake.uasset" 569
"../../../../../../Users/Jessica/Documents/Unreal Projects/GGJ2019/Content/StarterContent/Textures/T_Water_M.uasset" 570
"../../../../../../Users/Jessica/Documents/Unreal Projects/GGJ2019/Content/StarterContent/Materials/M_Water_Ocean.uasset" 571
"../../../../../../Users/Jessica/Documents/Unreal Projects/GGJ2019/Content/StarterContent/Textures/T_Wood_Floor_Walnut_D.uasset" 572
"../../../../../../Users/Jessica/Documents/Unreal Projects/GGJ2019/Content/StarterContent/Textures/T_Wood_Floor_Walnut_M.uasset" 573
"../../../../../../Users/Jessica/Documents/Unreal Projects/GGJ2019/Content/StarterContent/Textures/T_Wood_Floor_Walnut_N.uasset" 574
"../../../../../../Users/Jessica/Documents/Unreal Projects/GGJ2019/Content/StarterContent/Materials/M_Wood_Floor_Walnut_Polished.uasset" 575
"../../../Engine/Content/Functions/Engine_MaterialFunctions01/Opacity/AlphaOffset.uasset" 576
"../../../../../../Users/Jessica/Documents/Unreal Projects/GGJ2019/Content/StarterContent/Materials/M_Wood_Floor_Walnut_Worn.uasset" 577
"../../../../../../Users/Jessica/Documents/Unreal Projects/GGJ2019/Content/StarterContent/Textures/T_Wood_Oak_D.uasset" 578
"../../../../../../Users/Jessica/Documents/Unreal Projects/GGJ2019/Content/StarterContent/Textures/T_Wood_Oak_N.uasset" 579
"../../../../../../Users/Jessica/Documents/Unreal Projects/GGJ2019/Content/StarterContent/Materials/M_Wood_Oak.uasset" 580
"../../../../../../Users/Jessica/Documents/Unreal Projects/GGJ2019/Content/StarterContent/Textures/T_Wood_Pine_D.uasset" 581
"../../../../../../Users/Jessica/Documents/Unreal Projects/GGJ2019/Content/StarterContent/Textures/T_Wood_Pine_N.uasset" 582
"../../../../../../Users/Jessica/Documents/Unreal Projects/GGJ2019/Content/StarterContent/Materials/M_Wood_Pine.uasset" 583
"../../../../../../Users/Jessica/Documents/Unreal Projects/GGJ2019/Content/StarterContent/Textures/T_Wood_Walnut_D.uasset" 584
"../../../../../../Users/Jessica/Documents/Unreal Projects/GGJ2019/Content/StarterContent/Textures/T_Wood_Walnut_N.uasset" 585
"../../../../../../Users/Jessica/Documents/Unreal Projects/GGJ2019/Content/StarterContent/Materials/M_Wood_Walnut.uasset" 586
"../../../../../../Users/Jessica/Documents/Unreal Projects/GGJ2019/Content/StarterContent/Architecture/Wall_400x200.uasset" 587
"../../../../../../Users/Jessica/Documents/Unreal Projects/GGJ2019/Content/StarterContent/Architecture/Wall_Door_400x300.uasset" 588
"../../../../../../Users/Jessica/Documents/Unreal Projects/GGJ2019/Content/StarterContent/Architecture/Wall_Window_400x300.uasset" 589
"../../../../../../Users/Jessica/Documents/Unreal Projects/GGJ2019/Content/StarterContent/Audio/Collapse_Cue.uasset" 590
"../../../../../../Users/Jessica/Documents/Unreal Projects/GGJ2019/Content/StarterContent/Audio/Starter_Music_Cue.uasset" 591
"../../../../../../Users/Jessica/Documents/Unreal Projects/GGJ2019/Content/StarterContent/Textures/T_Dust_Particle_D.uasset" 592
"../../../../../../Users/Jessica/Documents/Unreal Projects/GGJ2019/Content/StarterContent/Particles/Materials/M_Dust_Particle.uasset" 593
"../../../../../../Users/Jessica/Documents/Unreal Projects/GGJ2019/Content/StarterContent/Particles/P_Ambient_Dust.uasset" 594
"../../../../../../Users/Jessica/Documents/Unreal Projects/GGJ2019/Content/StarterContent/Props/MaterialSphere.uasset" 595
"../../../../../../Users/Jessica/Documents/Unreal Projects/GGJ2019/Content/StarterContent/Textures/T_Frame_M.uasset" 596
"../../../../../../Users/Jessica/Documents/Unreal Projects/GGJ2019/Content/StarterContent/Textures/T_Frame_N.uasset" 597
"../../../../../../Users/Jessica/Documents/Unreal Projects/GGJ2019/Content/StarterContent/Props/Materials/M_Frame.uasset" 598
"../../../../../../Users/Jessica/Documents/Unreal Projects/GGJ2019/Content/StarterContent/Props/SM_CornerFrame.uasset" 599
"../../../../../../Users/Jessica/Documents/Unreal Projects/GGJ2019/Content/StarterContent/Props/SM_DoorFrame.uasset" 600
"../../../../../../Users/Jessica/Documents/Unreal Projects/GGJ2019/Content/StarterContent/Props/SM_GlassWindow.uasset" 601
"../../../../../../Users/Jessica/Documents/Unreal Projects/GGJ2019/Content/StarterContent/Props/SM_PillarFrame.uasset" 602
"../../../../../../Users/Jessica/Documents/Unreal Projects/GGJ2019/Content/StarterContent/Props/SM_PillarFrame300.uasset" 603
"../../../../../../Users/Jessica/Documents/Unreal Projects/GGJ2019/Content/StarterContent/Props/SM_WindowFrame.uasset" 604
"../../../../../../Users/Jessica/Documents/Unreal Projects/GGJ2019/Content/StarterContent/Shapes/Shape_Cube.uasset" 605
"../../../../../../Users/Jessica/Documents/Unreal Projects/GGJ2019/Content/StarterContent/Shapes/Shape_QuadPyramid.uasset" 606
"../../../../../../Users/Jessica/Documents/Unreal Projects/GGJ2019/Content/StarterContent/Shapes/Shape_Sphere.uasset" 607
"../../../../../../Users/Jessica/Documents/Unreal Projects/GGJ2019/Content/StarterContent/Maps/StarterMap.umap" 608
"../../../../../../Users/Jessica/Documents/Unreal Projects/GGJ2019/Content/VirtualRealityBP/Blueprints/HMDLocomotionPawn.uasset" 609
"../../../../../../Users/Jessica/Documents/Unreal Projects/GGJ2019/Content/VirtualRealityBP/Maps/HMDLocomotionMap_BuiltData.uasset" 610
"../../../../../../Users/Jessica/Documents/Unreal Projects/GGJ2019/Content/VirtualReality/Materials/MI_BaseMaterial2.uasset" 611
"../../../../../../Users/Jessica/Documents/Unreal Projects/GGJ2019/Content/VirtualReality/Materials/MI_BaseMaterial3.uasset" 612
"../../../../../../Users/Jessica/Documents/Unreal Projects/GGJ2019/Content/VirtualRealityBP/Maps/HMDLocomotionMap.umap" 613
"../../../../../../Users/Jessica/Documents/Unreal Projects/GGJ2019/Content/Props/RayGun/TEX_Brushgun1_BASECOLOR.uasset" 614
"../../../../../../Users/Jessica/Documents/Unreal Projects/GGJ2019/Content/Props/RayGun/TEX_Brushgun1_NRM.uasset" 615
"../../../../../../Users/Jessica/Documents/Unreal Projects/GGJ2019/Content/Props/RayGun/TEX_Brushgun1_ORM.uasset" 616
"../../../../../../Users/Jessica/Documents/Unreal Projects/GGJ2019/Content/Props/RayGun/Matinst_Raygun.uasset" 617
"../../../../../../Users/Jessica/Documents/Unreal Projects/GGJ2019/Content/Props/RayGun/brushgun1_low.uasset" 618
"../../../../../../Users/Jessica/Documents/Unreal Projects/GGJ2019/Content/GripProps/GunBP.uasset" 619
"../../../../../../Users/Jessica/Documents/Unreal Projects/GGJ2019/Content/Props/Toothbrush/TEX_BrushGun2_BASECOLOR.uasset" 620
"../../../../../../Users/Jessica/Documents/Unreal Projects/GGJ2019/Content/Props/Toothbrush/TEX_BrushGun2_NRM.uasset" 621
"../../../../../../Users/Jessica/Documents/Unreal Projects/GGJ2019/Content/Props/Toothbrush/TEX_BrushGun2_ORM.uasset" 622
"../../../../../../Users/Jessica/Documents/Unreal Projects/GGJ2019/Content/Props/Toothbrush/matinst_toothbrush.uasset" 623
"../../../../../../Users/Jessica/Documents/Unreal Projects/GGJ2019/Content/Props/Toothbrush/toothbrush.uasset" 624
"../../../../../../Users/Jessica/Documents/Unreal Projects/GGJ2019/Content/GripProps/ToothbrushBP.uasset" 625
"../../../../../../Users/Jessica/Documents/Unreal Projects/GGJ2019/Content/Props/EggChair/chair_low_EggChair_BaseColor.uasset" 626
"../../../../../../Users/Jessica/Documents/Unreal Projects/GGJ2019/Content/Props/EggChair/chair_low_EggChair_Normal.uasset" 627
"../../../../../../Users/Jessica/Documents/Unreal Projects/GGJ2019/Content/Props/EggChair/chair_low_EggChair_OcclusionRoughnessMetallic.uasset" 628
"../../../../../../Users/Jessica/Documents/Unreal Projects/GGJ2019/Content/Props/EggChair/Matinst_Eggchair.uasset" 629
"../../../../../../Users/Jessica/Documents/Unreal Projects/GGJ2019/Content/Props/EggChair/chair_low.uasset" 630
"../../../../../../Users/Jessica/Documents/Unreal Projects/GGJ2019/Content/Props/EggChair/EggChair.uasset" 631
"../../../../../../Users/Jessica/Documents/Unreal Projects/GGJ2019/Content/Props/Oven/oven_low_frame_low.uasset" 632
"../../../../../../Users/Jessica/Documents/Unreal Projects/GGJ2019/Content/Props/Oven/OvenBP.uasset" 633
"../../../../../../Users/Jessica/Documents/Unreal Projects/GGJ2019/Content/VirtualRealityBP/Blueprints/BP_PickupCube.uasset" 634
"../../../../../../Users/Jessica/Documents/Unreal Projects/GGJ2019/Content/VR_ButtonTemplate.uasset" 635
"../../../../../../Users/Jessica/Documents/Unreal Projects/GGJ2019/Content/VR_DyingDontPickThisUp.uasset" 636
"../../../../../../Users/Jessica/Documents/Unreal Projects/GGJ2019/Content/VR_GameMode.uasset" 637
"../../../../../../Users/Jessica/Documents/Unreal Projects/GGJ2019/Content/VirtualRealityBP/Maps/MotionControllerMap_BuiltData.uasset" 638
"../../../../../../Users/Jessica/Documents/Unreal Projects/GGJ2019/Content/Props/Stool/bake_normal.uasset" 639
"../../../../../../Users/Jessica/Documents/Unreal Projects/GGJ2019/Content/Props/Stool/NewMaterial.uasset" 640
"../../../../../../Users/Jessica/Documents/Unreal Projects/GGJ2019/Content/Props/Stool/stool.uasset" 641
"../../../../../../Users/Jessica/Documents/Unreal Projects/GGJ2019/Content/Props/mat1.uasset" 642
"../../../../../../Users/Jessica/Documents/Unreal Projects/GGJ2019/Content/Props/mat2.uasset" 643
"../../../../../../Users/Jessica/Documents/Unreal Projects/GGJ2019/Content/Props/thing1.uasset" 644
"../../../../../../Users/Jessica/Documents/Unreal Projects/GGJ2019/Content/VirtualRealityBP/Maps/MotionControllerMap.umap" 645
"../../../../../../Users/Jessica/Documents/Unreal Projects/GGJ2019/Content/VirtualRealityBP/Maps/StartupMap_BuiltData.uasset" 646
"../../../../../../Users/Jessica/Documents/Unreal Projects/GGJ2019/Content/VirtualReality/Materials/GenericHMDMaterial.uasset" 647
"../../../../../../Users/Jessica/Documents/Unreal Projects/GGJ2019/Content/VirtualReality/Meshes/GenericHMD.uasset" 648
"../../../../../../Users/Jessica/Documents/Unreal Projects/GGJ2019/Content/VirtualRealityBP/Maps/StartupMap.umap" 649
"../../../../../../Users/Jessica/Documents/Unreal Projects/GGJ2019/Content/Props/Countertop/TEX_Counter_BASECOLOR.uasset" 650
"../../../../../../Users/Jessica/Documents/Unreal Projects/GGJ2019/Content/Props/Countertop/TEX_Counter_NRM.uasset" 651
"../../../../../../Users/Jessica/Documents/Unreal Projects/GGJ2019/Content/Props/Countertop/TEX_Counter_ORM.uasset" 652
"../../../../../../Users/Jessica/Documents/Unreal Projects/GGJ2019/Content/Props/Countertop/Matinst_counter.uasset" 653
"../../../../../../Users/Jessica/Documents/Unreal Projects/GGJ2019/Content/Props/Countertop/counter_low_bowl_low.uasset" 654
"../../../../../../Users/Jessica/Documents/Unreal Projects/GGJ2019/Content/Props/Countertop/counter_low_counter_low.uasset" 655
"../../../../../../Users/Jessica/Documents/Unreal Projects/GGJ2019/Content/Props/Countertop/counter_low_faucet_low.uasset" 656
"../../../../../../Users/Jessica/Documents/Unreal Projects/GGJ2019/Content/Props/Countertop/counter_low_faucetbody_low.uasset" 657
"../../../../../../Users/Jessica/Documents/Unreal Projects/GGJ2019/Content/Props/Countertop/Sink.uasset" 658
"../../../../../../Users/Jessica/Documents/Unreal Projects/GGJ2019/Content/Props/Stool/StoolBP.uasset" 659
"../../../../../../Users/Jessica/Documents/Unreal Projects/GGJ2019/Content/Props/Material_New_16.uasset" 660
"../../../../../../Users/Jessica/Documents/Unreal Projects/GGJ2019/Content/Props/Material_New_17.uasset" 661
"../../../../../../Users/Jessica/Documents/Unreal Projects/GGJ2019/Content/Props/thing2.uasset" 662
"../../../../../../Users/Jessica/Documents/Unreal Projects/GGJ2019/Content/Props/Thing2BP.uasset" 663
"../../../../../../Users/Jessica/Documents/Unreal Projects/GGJ2019/Content/Props/thing3.uasset" 664
"../../../../../../Users/Jessica/Documents/Unreal Projects/GGJ2019/Content/Props/Thing3BP.uasset" 665
"../../../../../../Users/Jessica/Documents/Unreal Projects/GGJ2019/Content/Props/ThingBP.uasset" 666
"../../../../../../Users/Jessica/Documents/Unreal Projects/GGJ2019/Content/VirtualRealityBP/Maps/StartupMapAlex_BuiltData.uasset" 667
"../../../Engine/Content/BasicShapes/BasicShapeMaterial.uasset" 668
"../../../../../../Users/Jessica/Documents/Unreal Projects/GGJ2019/Content/Materials/BlackGlass.uasset" 669
"../../../../../../Users/Jessica/Documents/Unreal Projects/GGJ2019/Content/Materials/UFOBody.uasset" 670
"../../../../../../Users/Jessica/Documents/Unreal Projects/GGJ2019/Content/Props/Short_Table/TEX_ShortTable_Orange_BASECOLOR.uasset" 671
"../../../../../../Users/Jessica/Documents/Unreal Projects/GGJ2019/Content/Props/Short_Table/TEX_ShortTable_White_NRM.uasset" 672
"../../../../../../Users/Jessica/Documents/Unreal Projects/GGJ2019/Content/Props/Short_Table/TEX_ShortTable_White_ORM.uasset" 673
"../../../../../../Users/Jessica/Documents/Unreal Projects/GGJ2019/Content/Props/Short_Table/Matinst_TableOrange.uasset" 674
"../../../../../../Users/Jessica/Documents/Unreal Projects/GGJ2019/Content/Props/Short_Table/TEX_ShortTable_Red_BASECOLOR.uasset" 675
"../../../../../../Users/Jessica/Documents/Unreal Projects/GGJ2019/Content/Props/Short_Table/Matinst_TableRed.uasset" 676
"../../../../../../Users/Jessica/Documents/Unreal Projects/GGJ2019/Content/Props/Short_Table/TEX_ShortTable_Teal_BASECOLOR.uasset" 677
"../../../../../../Users/Jessica/Documents/Unreal Projects/GGJ2019/Content/Props/Short_Table/Matinst_TableTeal.uasset" 678
"../../../../../../Users/Jessica/Documents/Unreal Projects/GGJ2019/Content/Props/Short_Table/TEX_ShortTable_White_BASECOLOR.uasset" 679
"../../../../../../Users/Jessica/Documents/Unreal Projects/GGJ2019/Content/Props/Short_Table/Matinst_TableWhite.uasset" 680
"../../../Engine/Content/BasicShapes/Cone.uasset" 681
"../../../Engine/Content/BasicShapes/Cube.uasset" 682
"../../../Engine/Content/BasicShapes/Plane.uasset" 683
"../../../../../../Users/Jessica/Documents/Unreal Projects/GGJ2019/Content/Props/Bed/TEX_Bed_BASECOLOR.uasset" 684
"../../../../../../Users/Jessica/Documents/Unreal Projects/GGJ2019/Content/Props/Bed/TEX_Bed_NRM.uasset" 685
"../../../../../../Users/Jessica/Documents/Unreal Projects/GGJ2019/Content/Props/Bed/TEX_Bed_ORM.uasset" 686
"../../../../../../Users/Jessica/Documents/Unreal Projects/GGJ2019/Content/Props/Bed/Matinst_bed.uasset" 687
"../../../../../../Users/Jessica/Documents/Unreal Projects/GGJ2019/Content/Props/Bed/bed_low.uasset" 688
"../../../../../../Users/Jessica/Documents/Unreal Projects/GGJ2019/Content/Props/desk.uasset" 689
"../../../../../../Users/Jessica/Documents/Unreal Projects/GGJ2019/Content/Props/Short_Table/shortTable_low_shortTable1_low.uasset" 690
"../../../../../../Users/Jessica/Documents/Unreal Projects/GGJ2019/Content/Props/Short_Table/shortTable_low_shortTable2_low.uasset" 691
"../../../../../../Users/Jessica/Documents/Unreal Projects/GGJ2019/Content/VirtualRealityBP/Maps/StartupMapAlex.umap" 692
"../../../Engine/Content/Maps/Entry_BuiltData.uasset" 693
"../../../Engine/Content/Maps/Entry.umap" 694
